<?xml version="1.0" encoding="UTF-8"?>
<testng-results ignored="0" total="1" passed="1" failed="0" skipped="0">
  <reporter-output>
  </reporter-output>
  <suite started-at="2021-09-24T16:24:02 IST" name="Default suite" finished-at="2021-09-24T16:24:10 IST" duration-ms="7733">
    <groups>
    </groups>
    <test started-at="2021-09-24T16:24:02 IST" name="Default test" finished-at="2021-09-24T16:24:10 IST" duration-ms="7733">
      <class name="Mavenproject.Arismavenproject1.GoogleTC">
        <test-method signature="TS001()[pri:0, instance:Mavenproject.Arismavenproject1.GoogleTC@55b53d44]" started-at="2021-09-24T16:24:02 IST" name="TS001" finished-at="2021-09-24T16:24:10 IST" duration-ms="7646" status="PASS">
          <reporter-output>
          </reporter-output>
        </test-method> <!-- TS001 -->
      </class> <!-- Mavenproject.Arismavenproject1.GoogleTC -->
    </test> <!-- Default test -->
  </suite> <!-- Default suite -->
</testng-results>
